<?xml version="1.0" encoding="UTF-8"?>
<!-- Generated by org.testng.reporters.JUnitReportReporter -->
<testsuite hostname="MAVBCP3103" failures="0" tests="1" name="com.tests.locators.TestLocatorsTagName" time="26.782" errors="0" timestamp="2021-12-04T11:37:01 IST" skipped="0">
  <testcase classname="com.tests.locators.TestLocatorsTagName" name="VerifyLocatorTagName" time="26.782"/>
  <system-out/>
</testsuite> <!-- com.tests.locators.TestLocatorsTagName -->
