<?xml version="1.0" encoding="UTF-8"?>
<!-- Generated by org.testng.reporters.JUnitReportReporter -->
<testsuite skipped="0" hostname="MAVBCP3103" name="com.tests.pageObjectModel.TestOrangeHRMLogin" tests="1" failures="0" timestamp="2021-12-05T15:05:03 IST" time="14.681" errors="0">
  <testcase name="VerifyValidLogin" time="14.681" classname="com.tests.pageObjectModel.TestOrangeHRMLogin"/>
  <system-out/>
</testsuite> <!-- com.tests.pageObjectModel.TestOrangeHRMLogin -->
