<?xml version="1.0" encoding="UTF-8"?>
<!-- Generated by org.testng.reporters.JUnitReportReporter -->
<testsuite hostname="MAVBCP3103" failures="0" tests="1" name="com.tests.locators.TestLocatorName" time="30.708" errors="0" timestamp="2021-12-04T12:15:50 IST" skipped="0">
  <testcase classname="com.tests.locators.TestLocatorName" name="VerifyLocatorName" time="30.708"/>
  <system-out/>
</testsuite> <!-- com.tests.locators.TestLocatorName -->
