<?xml version="1.0" encoding="UTF-8"?>
<!-- Generated by org.testng.reporters.JUnitReportReporter -->
<testsuite hostname="MAVBCP3103" failures="0" tests="1" name="com.tests.locators.TestLocatorXpath" time="28.480" errors="0" timestamp="2021-12-04T12:15:50 IST" skipped="0">
  <testcase classname="com.tests.locators.TestLocatorXpath" name="VerifyLocatorXpath" time="28.480"/>
  <system-out/>
</testsuite> <!-- com.tests.locators.TestLocatorXpath -->
