<?xml version="1.0" encoding="UTF-8"?>
<!-- Generated by org.testng.reporters.JUnitReportReporter -->
<testsuite hostname="MAVBCP3103" failures="0" tests="1" name="com.tests.locators.TestLocatorCssSelector" time="30.370" errors="0" timestamp="2021-12-04T12:15:51 IST" skipped="0">
  <testcase classname="com.tests.locators.TestLocatorCssSelector" name="VerifyCssSeclector" time="30.370"/>
  <system-out/>
</testsuite> <!-- com.tests.locators.TestLocatorCssSelector -->
