<?xml version="1.0" encoding="UTF-8"?>
<!-- Generated by org.testng.reporters.JUnitReportReporter -->
<testsuite skipped="0" hostname="MAVBCP3103" name="com.tests.locators.TestLocatorXpath" tests="1" failures="0" timestamp="2021-12-05T15:19:19 IST" time="22.207" errors="0">
  <testcase name="VerifyLocatorXpath" time="22.207" classname="com.tests.locators.TestLocatorXpath"/>
  <system-out/>
</testsuite> <!-- com.tests.locators.TestLocatorXpath -->
