<?xml version="1.0" encoding="UTF-8"?>
<!-- Generated by org.testng.reporters.JUnitReportReporter -->
<testsuite skipped="0" hostname="MAVBCP3103" name="com.tests.locators.TestLocatorsTagName" tests="1" failures="0" timestamp="2021-12-04T12:39:39 IST" time="21.540" errors="0">
  <testcase name="VerifyLocatorTagName" time="21.540" classname="com.tests.locators.TestLocatorsTagName"/>
  <system-out/>
</testsuite> <!-- com.tests.locators.TestLocatorsTagName -->
