<?xml version="1.0" encoding="UTF-8"?>
<!-- Generated by org.testng.reporters.JUnitReportReporter -->
<testsuite skipped="0" hostname="MAVBCP3103" name="com.tests.locators.TestLocatorCssSelector" tests="1" failures="0" timestamp="2021-12-05T15:19:19 IST" time="22.988" errors="0">
  <testcase name="VerifyCssSeclector" time="22.988" classname="com.tests.locators.TestLocatorCssSelector"/>
  <system-out/>
</testsuite> <!-- com.tests.locators.TestLocatorCssSelector -->
