<?xml version="1.0" encoding="UTF-8"?>
<!-- Generated by org.testng.reporters.JUnitReportReporter -->
<testsuite skipped="0" hostname="MAVBCP3103" name="com.tests.locators.TestLocatorName" tests="1" failures="0" timestamp="2021-12-05T15:19:19 IST" time="22.584" errors="0">
  <testcase name="VerifyLocatorName" time="22.584" classname="com.tests.locators.TestLocatorName"/>
  <system-out/>
</testsuite> <!-- com.tests.locators.TestLocatorName -->
